<?xml version="1.0" encoding="UTF-8"?>
<!-- Generated by org.testng.reporters.JUnitXMLReporter -->
<testsuite ignored="0" hostname="DESKTOP-EL7B5FJ" failures="0" tests="2" name="Default test" time="41.729" errors="0" timestamp="2023-02-10T14:15:12 IST">
  <testcase classname="neoStoxTestClass.ValidateUserNameUsingProperityFile" name="validateAcBal" time="0.054"/>
  <testcase classname="neoStoxTestClass.ValidateUserNameUsingProperityFile" name="validateUserName" time="0.061"/>
</testsuite> <!-- Default test -->
